<?xml version="1.0" encoding="UTF-8"?>
<!-- Generated by org.testng.reporters.JUnitReportReporter -->
<testsuite skipped="0" hostname="DESKTOP-592H2OD" name="E2EProject.HomePage" tests="2" failures="0" timestamp="04 May 2021 18:27:57 GMT" time="68.422" errors="0">
  <testcase name="url_hit" time="51.868" classname="E2EProject.HomePage"/>
  <testcase name="url_hit" time="16.554" classname="E2EProject.HomePage"/>
</testsuite> <!-- E2EProject.HomePage -->
