<?xml version="1.0" encoding="UTF-8"?>
<!-- Generated by org.testng.reporters.JUnitReportReporter -->
<testsuite skipped="0" hostname="DESKTOP-592H2OD" name="E2EProject.ValidateTitle" tests="3" failures="0" timestamp="25 May 2021 17:52:16 GMT" time="1.843" errors="0">
  <testcase name="Header" time="0.589" classname="E2EProject.ValidateTitle"/>
  <testcase name="validate" time="0.583" classname="E2EProject.ValidateTitle"/>
  <testcase name="HeaderLinks_Click" time="0.671" classname="E2EProject.ValidateTitle"/>
</testsuite> <!-- E2EProject.ValidateTitle -->
